<?xml version="1.0" encoding="UTF-8"?>
<testsuite name="com.example.demo.WordleTest" tests="5" skipped="0" failures="0" errors="0" timestamp="2022-09-05T15:36:21" hostname="Anne-Laures-MacBook-Pro.local" time="0.01">
  <properties/>
  <testcase name="fifthTest()" classname="com.example.demo.WordleTest" time="0.008"/>
  <testcase name="thirdTest()" classname="com.example.demo.WordleTest" time="0.001"/>
  <testcase name="firstTest()" classname="com.example.demo.WordleTest" time="0.0"/>
  <testcase name="secondTest()" classname="com.example.demo.WordleTest" time="0.001"/>
  <testcase name="fourthTest()" classname="com.example.demo.WordleTest" time="0.0"/>
  <system-out><![CDATA[]]></system-out>
  <system-err><![CDATA[]]></system-err>
</testsuite>
